\BOOKMARK [1][-]{section.1}{Pre-Season}{}% 1
\BOOKMARK [2][-]{subsection.1.1}{2015 Review and 2016 Preview}{section.1}% 2
\BOOKMARK [2][-]{subsection.1.2}{Draft Review}{section.1}% 3
\BOOKMARK [3][-]{subsubsection.1.2.1}{Top 5 Best Picks}{subsection.1.2}% 4
\BOOKMARK [3][-]{subsubsection.1.2.2}{Top 5 Worst Picks}{subsection.1.2}% 5
\BOOKMARK [2][-]{subsection.1.3}{Pre-season Preview}{section.1}% 6
\BOOKMARK [3][-]{subsubsection.1.3.1}{Preview: Pick 1 - Casey Mangan - Casetrain Don't Stop}{subsection.1.3}% 7
\BOOKMARK [3][-]{subsubsection.1.3.2}{Preview: Pick 2 - Donovan Sheridan - Kill or Be Killed}{subsection.1.3}% 8
\BOOKMARK [3][-]{subsubsection.1.3.3}{Preview: Pick 3 - Kyle McNulty - The Great Cornjulio}{subsection.1.3}% 9
\BOOKMARK [3][-]{subsubsection.1.3.4}{Preview: Pick 4 - Sean Musser - Lloyds' Loids}{subsection.1.3}% 10
\BOOKMARK [3][-]{subsubsection.1.3.5}{Preview: Pick 5 - Matt Abraham - Connor's Catz: Lump and Tux}{subsection.1.3}% 11
\BOOKMARK [3][-]{subsubsection.1.3.6}{Preview: Pick 6 - Tyler Edwards - Wu Tang Liquidation}{subsection.1.3}% 12
\BOOKMARK [3][-]{subsubsection.1.3.7}{Preview: Pick 7 - Danny Noonan - Fantastic Men}{subsection.1.3}% 13
\BOOKMARK [3][-]{subsubsection.1.3.8}{Preview: Pick 8 - Greg Ebert - GREGADELPHIA GREG'S}{subsection.1.3}% 14
\BOOKMARK [3][-]{subsubsection.1.3.9}{Preview: Pick 9 - Kevin Mangan - Tallanastee Trainstoppers}{subsection.1.3}% 15
\BOOKMARK [3][-]{subsubsection.1.3.10}{Preview: Pick 10 - Trevor Carney - Hot Fuzz}{subsection.1.3}% 16
\BOOKMARK [3][-]{subsubsection.1.3.11}{Preview: Pick 11 - James McKenna - Hit Squad}{subsection.1.3}% 17
\BOOKMARK [3][-]{subsubsection.1.3.12}{Preview: Pick 12 - Connor Reed - A Grizzly Bear}{subsection.1.3}% 18
\BOOKMARK [1][-]{section.2}{Regular Season}{}% 19
\BOOKMARK [2][-]{subsection.2.1}{Week 1 Review - The Lloyd Roast}{section.2}% 20
\BOOKMARK [3][-]{subsubsection.2.1.1}{James vs. Trevor}{subsection.2.1}% 21
\BOOKMARK [3][-]{subsubsection.2.1.2}{Danny vs. Lloyd}{subsection.2.1}% 22
\BOOKMARK [3][-]{subsubsection.2.1.3}{Tyler vs. Matt}{subsection.2.1}% 23
\BOOKMARK [3][-]{subsubsection.2.1.4}{Connor vs. Kevin}{subsection.2.1}% 24
\BOOKMARK [3][-]{subsubsection.2.1.5}{Donovan vs. Greg}{subsection.2.1}% 25
\BOOKMARK [3][-]{subsubsection.2.1.6}{Casey vs. Kyle}{subsection.2.1}% 26
\BOOKMARK [3][-]{subsubsection.2.1.7}{Week 1 Standings}{subsection.2.1}% 27
\BOOKMARK [2][-]{subsection.2.2}{Week 2 Review - Injury Epidemic Takes Out 1/4 of NFL}{section.2}% 28
\BOOKMARK [3][-]{subsubsection.2.2.1}{Kevin vs. James}{subsection.2.2}% 29
\BOOKMARK [3][-]{subsubsection.2.2.2}{Kyle vs. Connor}{subsection.2.2}% 30
\BOOKMARK [3][-]{subsubsection.2.2.3}{Sean vs. Matt}{subsection.2.2}% 31
\BOOKMARK [3][-]{subsubsection.2.2.4}{Tyler vs. Greg}{subsection.2.2}% 32
\BOOKMARK [3][-]{subsubsection.2.2.5}{Donovan vs. Trevor}{subsection.2.2}% 33
\BOOKMARK [3][-]{subsubsection.2.2.6}{Casey vs. Danny}{subsection.2.2}% 34
\BOOKMARK [3][-]{subsubsection.2.2.7}{Week 2 Standings}{subsection.2.2}% 35
\BOOKMARK [2][-]{subsection.2.3}{Week 3 Review - By Dr. Sean Lloyd Musser \046 Maestro Casey H. Mangan}{section.2}% 36
\BOOKMARK [3][-]{subsubsection.2.3.1}{Trevor vs. Tyler}{subsection.2.3}% 37
\BOOKMARK [3][-]{subsubsection.2.3.2}{Connor vs. Casey}{subsection.2.3}% 38
\BOOKMARK [3][-]{subsubsection.2.3.3}{Matt vs. Danny}{subsection.2.3}% 39
\BOOKMARK [3][-]{subsubsection.2.3.4}{Greg vs. Sean}{subsection.2.3}% 40
\BOOKMARK [3][-]{subsubsection.2.3.5}{James vs. Kyle}{subsection.2.3}% 41
\BOOKMARK [3][-]{subsubsection.2.3.6}{Kevin vs. Donovan}{subsection.2.3}% 42
\BOOKMARK [3][-]{subsubsection.2.3.7}{Casey's Week 3 Power Rankings}{subsection.2.3}% 43
\BOOKMARK [3][-]{subsubsection.2.3.8}{Week 3 Standings}{subsection.2.3}% 44
\BOOKMARK [2][-]{subsection.2.4}{Week 4 Review - By Walter \046 The Lloyd}{section.2}% 45
\BOOKMARK [3][-]{subsubsection.2.4.1}{Trevor vs. Sean}{subsection.2.4}% 46
\BOOKMARK [3][-]{subsubsection.2.4.2}{Kyle vs. Donovan}{subsection.2.4}% 47
\BOOKMARK [3][-]{subsubsection.2.4.3}{Kevin vs. Tyler}{subsection.2.4}% 48
\BOOKMARK [3][-]{subsubsection.2.4.4}{Connor vs. James}{subsection.2.4}% 49
\BOOKMARK [3][-]{subsubsection.2.4.5}{Matt vs. Casey}{subsection.2.4}% 50
\BOOKMARK [3][-]{subsubsection.2.4.6}{Danny vs. Greg}{subsection.2.4}% 51
\BOOKMARK [3][-]{subsubsection.2.4.7}{Casey's Week 4 Power Rankings}{subsection.2.4}% 52
\BOOKMARK [3][-]{subsubsection.2.4.8}{Week 4 Standings}{subsection.2.4}% 53
\BOOKMARK [2][-]{subsection.2.5}{Week 5 Review - What Do Tyler \046 Kyle No Longer Have in Common?}{section.2}% 54
\BOOKMARK [3][-]{subsubsection.2.5.1}{Tyler vs. Kyle}{subsection.2.5}% 55
\BOOKMARK [3][-]{subsubsection.2.5.2}{Greg vs. Matt}{subsection.2.5}% 56
\BOOKMARK [3][-]{subsubsection.2.5.3}{Casey vs. James}{subsection.2.5}% 57
\BOOKMARK [3][-]{subsubsection.2.5.4}{Donovan vs. Connor}{subsection.2.5}% 58
\BOOKMARK [3][-]{subsubsection.2.5.5}{Trevor vs. Danny}{subsection.2.5}% 59
\BOOKMARK [3][-]{subsubsection.2.5.6}{Kevin vs. Sean}{subsection.2.5}% 60
\BOOKMARK [3][-]{subsubsection.2.5.7}{Casey's Week 5 Power Rankings}{subsection.2.5}% 61
\BOOKMARK [3][-]{subsubsection.2.5.8}{Week 5 Standings}{subsection.2.5}% 62
\BOOKMARK [2][-]{subsection.2.6}{Week 6 Review - NO WRITEUP}{section.2}% 63
\BOOKMARK [3][-]{subsubsection.2.6.1}{Greg vs. Casey}{subsection.2.6}% 64
\BOOKMARK [3][-]{subsubsection.2.6.2}{Matt vs. Trevor}{subsection.2.6}% 65
\BOOKMARK [3][-]{subsubsection.2.6.3}{Kyle vs. Sean}{subsection.2.6}% 66
\BOOKMARK [3][-]{subsubsection.2.6.4}{Connor vs. Tyler}{subsection.2.6}% 67
\BOOKMARK [3][-]{subsubsection.2.6.5}{James vs. Donovan}{subsection.2.6}% 68
\BOOKMARK [3][-]{subsubsection.2.6.6}{Danny vs. Kevin}{subsection.2.6}% 69
\BOOKMARK [3][-]{subsubsection.2.6.7}{Casey's Week 6 Power Rankings}{subsection.2.6}% 70
\BOOKMARK [3][-]{subsubsection.2.6.8}{Week 6 Standings}{subsection.2.6}% 71
\BOOKMARK [2][-]{subsection.2.7}{Week 7 Review - NO WRITEUP}{section.2}% 72
\BOOKMARK [3][-]{subsubsection.2.7.1}{Casey vs. Donovan}{subsection.2.7}% 73
\BOOKMARK [3][-]{subsubsection.2.7.2}{Tyler vs. James}{subsection.2.7}% 74
\BOOKMARK [3][-]{subsubsection.2.7.3}{Sean vs. Connor}{subsection.2.7}% 75
\BOOKMARK [3][-]{subsubsection.2.7.4}{Trevor vs. Greg}{subsection.2.7}% 76
\BOOKMARK [3][-]{subsubsection.2.7.5}{Kevin vs. Matt}{subsection.2.7}% 77
\BOOKMARK [3][-]{subsubsection.2.7.6}{Kyle vs. Danny}{subsection.2.7}% 78
\BOOKMARK [3][-]{subsubsection.2.7.7}{Casey's Week 7 Power Rankings}{subsection.2.7}% 79
\BOOKMARK [3][-]{subsubsection.2.7.8}{Week 7 Standings}{subsection.2.7}% 80
\BOOKMARK [2][-]{subsection.2.8}{Week 8 Review - NO WRITEUP}{section.2}% 81
\BOOKMARK [3][-]{subsubsection.2.8.1}{Trevor vs. Casey}{subsection.2.8}% 82
\BOOKMARK [3][-]{subsubsection.2.8.2}{Greg vs. Kevin}{subsection.2.8}% 83
\BOOKMARK [3][-]{subsubsection.2.8.3}{Matt vs. Kyle}{subsection.2.8}% 84
\BOOKMARK [3][-]{subsubsection.2.8.4}{Donovan vs. Tyler}{subsection.2.8}% 85
\BOOKMARK [3][-]{subsubsection.2.8.5}{James vs. Sean}{subsection.2.8}% 86
\BOOKMARK [3][-]{subsubsection.2.8.6}{Danny vs. Connor}{subsection.2.8}% 87
\BOOKMARK [3][-]{subsubsection.2.8.7}{Casey's Week 8 Power Rankings}{subsection.2.8}% 88
\BOOKMARK [3][-]{subsubsection.2.8.8}{Week 8 Standings}{subsection.2.8}% 89
\BOOKMARK [2][-]{subsection.2.9}{Week 9 Review - NO WRITEUP}{section.2}% 90
\BOOKMARK [3][-]{subsubsection.2.9.1}{Casey vs. Tyler}{subsection.2.9}% 91
\BOOKMARK [3][-]{subsubsection.2.9.2}{Sean vs. Donovan}{subsection.2.9}% 92
\BOOKMARK [3][-]{subsubsection.2.9.3}{Danny vs. James}{subsection.2.9}% 93
\BOOKMARK [3][-]{subsubsection.2.9.4}{Kevin vs. Trevor}{subsection.2.9}% 94
\BOOKMARK [3][-]{subsubsection.2.9.5}{Kyle vs. Greg}{subsection.2.9}% 95
\BOOKMARK [3][-]{subsubsection.2.9.6}{Connor vs. Matt}{subsection.2.9}% 96
\BOOKMARK [3][-]{subsubsection.2.9.7}{Casey's Week 9 Power Rankings}{subsection.2.9}% 97
\BOOKMARK [3][-]{subsubsection.2.9.8}{Week 9 Standings}{subsection.2.9}% 98
\BOOKMARK [2][-]{subsection.2.10}{Week 10 Review - NO WRITEUP}{section.2}% 99
\BOOKMARK [3][-]{subsubsection.2.10.1}{Kevin vs. Casey}{subsection.2.10}% 100
\BOOKMARK [3][-]{subsubsection.2.10.2}{Trevor vs. Kyle}{subsection.2.10}% 101
\BOOKMARK [3][-]{subsubsection.2.10.3}{Greg vs. Connor}{subsection.2.10}% 102
\BOOKMARK [3][-]{subsubsection.2.10.4}{Tyler vs. Sean}{subsection.2.10}% 103
\BOOKMARK [3][-]{subsubsection.2.10.5}{Donovan vs. Danny}{subsection.2.10}% 104
\BOOKMARK [3][-]{subsubsection.2.10.6}{James vs. Matt}{subsection.2.10}% 105
\BOOKMARK [3][-]{subsubsection.2.10.7}{Casey's Week 10 Power Rankings}{subsection.2.10}% 106
\BOOKMARK [3][-]{subsubsection.2.10.8}{Week 10 Standings}{subsection.2.10}% 107
\BOOKMARK [2][-]{subsection.2.11}{Week 11 Review - NO WRITEUP}{section.2}% 108
\BOOKMARK [3][-]{subsubsection.2.11.1}{Casey vs. Sean}{subsection.2.11}% 109
\BOOKMARK [3][-]{subsubsection.2.11.2}{Danny vs. Tyler}{subsection.2.11}% 110
\BOOKMARK [3][-]{subsubsection.2.11.3}{Matt vs. Donovan}{subsection.2.11}% 111
\BOOKMARK [3][-]{subsubsection.2.11.4}{Kyle vs. Kevin}{subsection.2.11}% 112
\BOOKMARK [3][-]{subsubsection.2.11.5}{Connor vs. Trevor}{subsection.2.11}% 113
\BOOKMARK [3][-]{subsubsection.2.11.6}{James vs. Greg}{subsection.2.11}% 114
\BOOKMARK [3][-]{subsubsection.2.11.7}{Casey's Week 11 Power Rankings}{subsection.2.11}% 115
\BOOKMARK [3][-]{subsubsection.2.11.8}{Week 11 Standings}{subsection.2.11}% 116
\BOOKMARK [2][-]{subsection.2.12}{Week 12 Review - NO WRITEUP}{section.2}% 117
\BOOKMARK [3][-]{subsubsection.2.12.1}{Kyle vs. Casey}{subsection.2.12}% 118
\BOOKMARK [3][-]{subsubsection.2.12.2}{Kevin vs. Connor}{subsection.2.12}% 119
\BOOKMARK [3][-]{subsubsection.2.12.3}{Trevor vs. James}{subsection.2.12}% 120
\BOOKMARK [3][-]{subsubsection.2.12.4}{Sean vs. Danny}{subsection.2.12}% 121
\BOOKMARK [3][-]{subsubsection.2.12.5}{Tyler vs. Matt}{subsection.2.12}% 122
\BOOKMARK [3][-]{subsubsection.2.12.6}{Donovan vs. Greg}{subsection.2.12}% 123
\BOOKMARK [3][-]{subsubsection.2.12.7}{Casey's Week 12 Power Rankings}{subsection.2.12}% 124
\BOOKMARK [3][-]{subsubsection.2.12.8}{Week 12 Standings}{subsection.2.12}% 125
\BOOKMARK [2][-]{subsection.2.13}{Week 13 Review - NO WRITEUP}{section.2}% 126
\BOOKMARK [3][-]{subsubsection.2.13.1}{Casey vs. Danny}{subsection.2.13}% 127
\BOOKMARK [3][-]{subsubsection.2.13.2}{Matt vs. Sean}{subsection.2.13}% 128
\BOOKMARK [3][-]{subsubsection.2.13.3}{Greg vs. Tyler}{subsection.2.13}% 129
\BOOKMARK [3][-]{subsubsection.2.13.4}{Connor vs. Kyle}{subsection.2.13}% 130
\BOOKMARK [3][-]{subsubsection.2.13.5}{James vs. Kevin}{subsection.2.13}% 131
\BOOKMARK [3][-]{subsubsection.2.13.6}{Donovan vs. Trevor}{subsection.2.13}% 132
\BOOKMARK [3][-]{subsubsection.2.13.7}{Casey's Week 13 Power Rankings}{subsection.2.13}% 133
\BOOKMARK [3][-]{subsubsection.2.13.8}{Week 13 Standings}{subsection.2.13}% 134
\BOOKMARK [1][-]{section.3}{Playoffs}{}% 135
\BOOKMARK [2][-]{subsection.3.1}{Playoff Week 1 Review - NOWRITEUP}{section.3}% 136
\BOOKMARK [3][-]{subsubsection.3.1.1}{Championship Bracket}{subsection.3.1}% 137
\BOOKMARK [3][-]{subsubsection.3.1.2}{Sacko Bracket}{subsection.3.1}% 138
\BOOKMARK [3][-]{subsubsection.3.1.3}{Casey's Playoffs Week 1 Power Rankings}{subsection.3.1}% 139
\BOOKMARK [2][-]{subsection.3.2}{Playoff Week 2 Review - NOWRITEUP}{section.3}% 140
\BOOKMARK [3][-]{subsubsection.3.2.1}{Championship Bracket}{subsection.3.2}% 141
\BOOKMARK [3][-]{subsubsection.3.2.2}{Winner's Consolation Bracket}{subsection.3.2}% 142
\BOOKMARK [3][-]{subsubsection.3.2.3}{Sacko Bracket}{subsection.3.2}% 143
\BOOKMARK [3][-]{subsubsection.3.2.4}{Casey's Playoffs Week 2 Power Rankings}{subsection.3.2}% 144
\BOOKMARK [2][-]{subsection.3.3}{Championship Review - NOWRITEUP}{section.3}% 145
\BOOKMARK [3][-]{subsubsection.3.3.1}{Championship}{subsection.3.3}% 146
\BOOKMARK [3][-]{subsubsection.3.3.2}{Winner's Consolation Bracket}{subsection.3.3}% 147
\BOOKMARK [3][-]{subsubsection.3.3.3}{Sacko's Consolation Bracket}{subsection.3.3}% 148
\BOOKMARK [3][-]{subsubsection.3.3.4}{Sacko}{subsection.3.3}% 149
\BOOKMARK [1][-]{section.4}{Appendix - League History}{}% 150
\BOOKMARK [2][-]{subsection.4.1}{Historical Standings}{section.4}% 151
\BOOKMARK [3][-]{subsubsection.4.1.1}{Fantasy Football - 2015/16 [SV Ballers]}{subsection.4.1}% 152
\BOOKMARK [3][-]{subsubsection.4.1.2}{Fantasy Football - 2016/17 [SV Ballers]}{subsection.4.1}% 153
\BOOKMARK [3][-]{subsubsection.4.1.3}{Fantasy Football - 2017/18 [SV Ballers]}{subsection.4.1}% 154
\BOOKMARK [3][-]{subsubsection.4.1.4}{Fantasy Football - 2018/19 [SV Ballers]}{subsection.4.1}% 155
\BOOKMARK [3][-]{subsubsection.4.1.5}{Fantasy Football - 2019/20 [SV Ballers]}{subsection.4.1}% 156
\BOOKMARK [3][-]{subsubsection.4.1.6}{Fantasy Football - 2020/21 [SV Ballers]}{subsection.4.1}% 157
\BOOKMARK [3][-]{subsubsection.4.1.7}{Fantasy Baseball - 2016 [Wish It Was Football Season]}{subsection.4.1}% 158
\BOOKMARK [3][-]{subsubsection.4.1.8}{Fantasy Baseball - 2017 [Wish It Was Football Season]}{subsection.4.1}% 159
\BOOKMARK [3][-]{subsubsection.4.1.9}{Fantasy Baseball - 2018 [Wish It Was Football Season]}{subsection.4.1}% 160
\BOOKMARK [3][-]{subsubsection.4.1.10}{Fantasy Baseball - 2019 [Wish It Was Football Season]}{subsection.4.1}% 161
\BOOKMARK [3][-]{subsubsection.4.1.11}{Fantasy Baseball - 2020 [The \0431 Fantasy Game, 100\045 Free]}{subsection.4.1}% 162
\BOOKMARK [3][-]{subsubsection.4.1.12}{March Madness Bracket - 2016 [SV Ballaz get March Cray]}{subsection.4.1}% 163
\BOOKMARK [3][-]{subsubsection.4.1.13}{March Madness Bracket - 2017 [SV Ballaz get March Loco]}{subsection.4.1}% 164
\BOOKMARK [3][-]{subsubsection.4.1.14}{March Madness Bracket - 2018 [SV Ballaz get March Loco]}{subsection.4.1}% 165
\BOOKMARK [3][-]{subsubsection.4.1.15}{March Madness Bracket - 2019 [SVB Springtime Sanitarium]}{subsection.4.1}% 166
\BOOKMARK [3][-]{subsubsection.4.1.16}{March Madness Bracket - 2020 [SV Ballaz]}{subsection.4.1}% 167
\BOOKMARK [3][-]{subsubsection.4.1.17}{Fantasy Hockey - 2016/17 [The League Matt Abraham Will Win]}{subsection.4.1}% 168
\BOOKMARK [3][-]{subsubsection.4.1.18}{Fantasy Hockey - 2017/18 [fucking FANTASY fucking HOCKEY]}{subsection.4.1}% 169
\BOOKMARK [3][-]{subsubsection.4.1.19}{Fantasy Hockey - 2018/19 [fucking FANTASY fucking HOCKEY]}{subsection.4.1}% 170
\BOOKMARK [3][-]{subsubsection.4.1.20}{Fantasy Hockey - 2019/20 [fucking FANTASY fucking HOCKEY]}{subsection.4.1}% 171
\BOOKMARK [3][-]{subsubsection.4.1.21}{Fantasy Hockey - 2020/21 [fucking FANTASY fucking HOCKEY]}{subsection.4.1}% 172
\BOOKMARK [3][-]{subsubsection.4.1.22}{Fantasy Basketball - 2016/17 [Another Fantasy League!! WOOO!!]}{subsection.4.1}% 173
\BOOKMARK [3][-]{subsubsection.4.1.23}{Fantasy Basketball - 2017/18 [fantasy FUCKING basketball]}{subsection.4.1}% 174
\BOOKMARK [3][-]{subsubsection.4.1.24}{Fantasy Basketball - 2018/19 [fantasy FUCKING basketball]}{subsection.4.1}% 175
\BOOKMARK [3][-]{subsubsection.4.1.25}{Fantasy Basketball - 2019/20 [fantasy FUCKING basketball]}{subsection.4.1}% 176
\BOOKMARK [3][-]{subsubsection.4.1.26}{Fantasy Basketball - 2020/21 [fantasy FUCKING basketball]}{subsection.4.1}% 177
